Determining if the pthread_create exist failed with the following output:
Change Dir: /fs/site5/eccc/crd/ccrn/users/rau001/Pytorch_and_Torchlib_programs/testing/PytorchConnect/build/CMakeFiles/CMakeTmp

Run Build Command:"/usr/bin/gmake" "cmTC_1115d/fast"
/usr/bin/gmake -f CMakeFiles/cmTC_1115d.dir/build.make CMakeFiles/cmTC_1115d.dir/build
gmake[1]: Entering directory '/fs/site5/eccc/crd/ccrn/users/rau001/Pytorch_and_Torchlib_programs/testing/PytorchConnect/build/CMakeFiles/CMakeTmp'
Building C object CMakeFiles/cmTC_1115d.dir/CheckSymbolExists.c.o
/usr/bin/cc    -o CMakeFiles/cmTC_1115d.dir/CheckSymbolExists.c.o   -c /fs/site5/eccc/crd/ccrn/users/rau001/Pytorch_and_Torchlib_programs/testing/PytorchConnect/build/CMakeFiles/CMakeTmp/CheckSymbolExists.c
Linking C executable cmTC_1115d
/usr/bin/cmake -E cmake_link_script CMakeFiles/cmTC_1115d.dir/link.txt --verbose=1
/usr/bin/cc      CMakeFiles/cmTC_1115d.dir/CheckSymbolExists.c.o  -o cmTC_1115d 
CMakeFiles/cmTC_1115d.dir/CheckSymbolExists.c.o: In function `main':
CheckSymbolExists.c:(.text+0x16): undefined reference to `pthread_create'
collect2: error: ld returned 1 exit status
gmake[1]: *** [CMakeFiles/cmTC_1115d.dir/build.make:87: cmTC_1115d] Error 1
gmake[1]: Leaving directory '/fs/site5/eccc/crd/ccrn/users/rau001/Pytorch_and_Torchlib_programs/testing/PytorchConnect/build/CMakeFiles/CMakeTmp'
gmake: *** [Makefile:126: cmTC_1115d/fast] Error 2

File /fs/site5/eccc/crd/ccrn/users/rau001/Pytorch_and_Torchlib_programs/testing/PytorchConnect/build/CMakeFiles/CMakeTmp/CheckSymbolExists.c:
/* */
#include <pthread.h>

int main(int argc, char** argv)
{
  (void)argv;
#ifndef pthread_create
  return ((int*)(&pthread_create))[argc];
#else
  (void)argc;
  return 0;
#endif
}

Determining if the function pthread_create exists in the pthreads failed with the following output:
Change Dir: /fs/site5/eccc/crd/ccrn/users/rau001/Pytorch_and_Torchlib_programs/testing/PytorchConnect/build/CMakeFiles/CMakeTmp

Run Build Command:"/usr/bin/gmake" "cmTC_added/fast"
/usr/bin/gmake -f CMakeFiles/cmTC_added.dir/build.make CMakeFiles/cmTC_added.dir/build
gmake[1]: Entering directory '/fs/site5/eccc/crd/ccrn/users/rau001/Pytorch_and_Torchlib_programs/testing/PytorchConnect/build/CMakeFiles/CMakeTmp'
Building C object CMakeFiles/cmTC_added.dir/CheckFunctionExists.c.o
/usr/bin/cc   -DCHECK_FUNCTION_EXISTS=pthread_create   -o CMakeFiles/cmTC_added.dir/CheckFunctionExists.c.o   -c /usr/share/cmake/Modules/CheckFunctionExists.c
Linking C executable cmTC_added
/usr/bin/cmake -E cmake_link_script CMakeFiles/cmTC_added.dir/link.txt --verbose=1
/usr/bin/cc  -DCHECK_FUNCTION_EXISTS=pthread_create    CMakeFiles/cmTC_added.dir/CheckFunctionExists.c.o  -o cmTC_added -lpthreads 
/usr/bin/ld: cannot find -lpthreads
collect2: error: ld returned 1 exit status
gmake[1]: *** [CMakeFiles/cmTC_added.dir/build.make:87: cmTC_added] Error 1
gmake[1]: Leaving directory '/fs/site5/eccc/crd/ccrn/users/rau001/Pytorch_and_Torchlib_programs/testing/PytorchConnect/build/CMakeFiles/CMakeTmp'
gmake: *** [Makefile:126: cmTC_added/fast] Error 2


