Determining if the pthread_create exist failed with the following output:
Change Dir: /space/hall5/sitestore/eccc/crd/ccrn/users/rau001/Pytorch_and_Torchlib_programs/testing/pytorch-app/build/CMakeFiles/CMakeTmp

Run Build Command:"/usr/bin/gmake" "cmTC_c77be/fast"
/usr/bin/gmake -f CMakeFiles/cmTC_c77be.dir/build.make CMakeFiles/cmTC_c77be.dir/build
gmake[1]: Entering directory '/fs/site5/eccc/crd/ccrn/users/rau001/Pytorch_and_Torchlib_programs/testing/pytorch-app/build/CMakeFiles/CMakeTmp'
Building C object CMakeFiles/cmTC_c77be.dir/CheckSymbolExists.c.o
/usr/bin/cc    -o CMakeFiles/cmTC_c77be.dir/CheckSymbolExists.c.o   -c /space/hall5/sitestore/eccc/crd/ccrn/users/rau001/Pytorch_and_Torchlib_programs/testing/pytorch-app/build/CMakeFiles/CMakeTmp/CheckSymbolExists.c
Linking C executable cmTC_c77be
/usr/bin/cmake -E cmake_link_script CMakeFiles/cmTC_c77be.dir/link.txt --verbose=1
/usr/bin/cc      CMakeFiles/cmTC_c77be.dir/CheckSymbolExists.c.o  -o cmTC_c77be 
CMakeFiles/cmTC_c77be.dir/CheckSymbolExists.c.o: In function `main':
CheckSymbolExists.c:(.text+0x16): undefined reference to `pthread_create'
collect2: error: ld returned 1 exit status
gmake[1]: *** [CMakeFiles/cmTC_c77be.dir/build.make:87: cmTC_c77be] Error 1
gmake[1]: Leaving directory '/fs/site5/eccc/crd/ccrn/users/rau001/Pytorch_and_Torchlib_programs/testing/pytorch-app/build/CMakeFiles/CMakeTmp'
gmake: *** [Makefile:126: cmTC_c77be/fast] Error 2

File /space/hall5/sitestore/eccc/crd/ccrn/users/rau001/Pytorch_and_Torchlib_programs/testing/pytorch-app/build/CMakeFiles/CMakeTmp/CheckSymbolExists.c:
/* */
#include <pthread.h>

int main(int argc, char** argv)
{
  (void)argv;
#ifndef pthread_create
  return ((int*)(&pthread_create))[argc];
#else
  (void)argc;
  return 0;
#endif
}

Determining if the function pthread_create exists in the pthreads failed with the following output:
Change Dir: /space/hall5/sitestore/eccc/crd/ccrn/users/rau001/Pytorch_and_Torchlib_programs/testing/pytorch-app/build/CMakeFiles/CMakeTmp

Run Build Command:"/usr/bin/gmake" "cmTC_074a2/fast"
/usr/bin/gmake -f CMakeFiles/cmTC_074a2.dir/build.make CMakeFiles/cmTC_074a2.dir/build
gmake[1]: Entering directory '/fs/site5/eccc/crd/ccrn/users/rau001/Pytorch_and_Torchlib_programs/testing/pytorch-app/build/CMakeFiles/CMakeTmp'
Building C object CMakeFiles/cmTC_074a2.dir/CheckFunctionExists.c.o
/usr/bin/cc   -DCHECK_FUNCTION_EXISTS=pthread_create   -o CMakeFiles/cmTC_074a2.dir/CheckFunctionExists.c.o   -c /usr/share/cmake/Modules/CheckFunctionExists.c
Linking C executable cmTC_074a2
/usr/bin/cmake -E cmake_link_script CMakeFiles/cmTC_074a2.dir/link.txt --verbose=1
/usr/bin/cc  -DCHECK_FUNCTION_EXISTS=pthread_create    CMakeFiles/cmTC_074a2.dir/CheckFunctionExists.c.o  -o cmTC_074a2 -lpthreads 
/usr/bin/ld: cannot find -lpthreads
collect2: error: ld returned 1 exit status
gmake[1]: *** [CMakeFiles/cmTC_074a2.dir/build.make:87: cmTC_074a2] Error 1
gmake[1]: Leaving directory '/fs/site5/eccc/crd/ccrn/users/rau001/Pytorch_and_Torchlib_programs/testing/pytorch-app/build/CMakeFiles/CMakeTmp'
gmake: *** [Makefile:126: cmTC_074a2/fast] Error 2


