Determining if the pthread_create exist failed with the following output:
Change Dir: /space/hall5/sitestore/eccc/crd/ccrn/users/rau001/Pytorch_and_Torchlib_programs/testing/Fortran-Resnet/build/CMakeFiles/CMakeTmp

Run Build Command:"/usr/bin/gmake" "cmTC_cc960/fast"
/usr/bin/gmake -f CMakeFiles/cmTC_cc960.dir/build.make CMakeFiles/cmTC_cc960.dir/build
gmake[1]: Entering directory '/fs/site5/eccc/crd/ccrn/users/rau001/Pytorch_and_Torchlib_programs/testing/Fortran-Resnet/build/CMakeFiles/CMakeTmp'
Building C object CMakeFiles/cmTC_cc960.dir/CheckSymbolExists.c.o
/usr/bin/cc    -o CMakeFiles/cmTC_cc960.dir/CheckSymbolExists.c.o   -c /space/hall5/sitestore/eccc/crd/ccrn/users/rau001/Pytorch_and_Torchlib_programs/testing/Fortran-Resnet/build/CMakeFiles/CMakeTmp/CheckSymbolExists.c
Linking C executable cmTC_cc960
/usr/bin/cmake -E cmake_link_script CMakeFiles/cmTC_cc960.dir/link.txt --verbose=1
/usr/bin/cc      CMakeFiles/cmTC_cc960.dir/CheckSymbolExists.c.o  -o cmTC_cc960 
CMakeFiles/cmTC_cc960.dir/CheckSymbolExists.c.o: In function `main':
CheckSymbolExists.c:(.text+0x16): undefined reference to `pthread_create'
collect2: error: ld returned 1 exit status
gmake[1]: *** [CMakeFiles/cmTC_cc960.dir/build.make:87: cmTC_cc960] Error 1
gmake[1]: Leaving directory '/fs/site5/eccc/crd/ccrn/users/rau001/Pytorch_and_Torchlib_programs/testing/Fortran-Resnet/build/CMakeFiles/CMakeTmp'
gmake: *** [Makefile:126: cmTC_cc960/fast] Error 2

File /space/hall5/sitestore/eccc/crd/ccrn/users/rau001/Pytorch_and_Torchlib_programs/testing/Fortran-Resnet/build/CMakeFiles/CMakeTmp/CheckSymbolExists.c:
/* */
#include <pthread.h>

int main(int argc, char** argv)
{
  (void)argv;
#ifndef pthread_create
  return ((int*)(&pthread_create))[argc];
#else
  (void)argc;
  return 0;
#endif
}

Determining if the function pthread_create exists in the pthreads failed with the following output:
Change Dir: /space/hall5/sitestore/eccc/crd/ccrn/users/rau001/Pytorch_and_Torchlib_programs/testing/Fortran-Resnet/build/CMakeFiles/CMakeTmp

Run Build Command:"/usr/bin/gmake" "cmTC_a8c83/fast"
/usr/bin/gmake -f CMakeFiles/cmTC_a8c83.dir/build.make CMakeFiles/cmTC_a8c83.dir/build
gmake[1]: Entering directory '/fs/site5/eccc/crd/ccrn/users/rau001/Pytorch_and_Torchlib_programs/testing/Fortran-Resnet/build/CMakeFiles/CMakeTmp'
Building C object CMakeFiles/cmTC_a8c83.dir/CheckFunctionExists.c.o
/usr/bin/cc   -DCHECK_FUNCTION_EXISTS=pthread_create   -o CMakeFiles/cmTC_a8c83.dir/CheckFunctionExists.c.o   -c /usr/share/cmake/Modules/CheckFunctionExists.c
Linking C executable cmTC_a8c83
/usr/bin/cmake -E cmake_link_script CMakeFiles/cmTC_a8c83.dir/link.txt --verbose=1
/usr/bin/cc  -DCHECK_FUNCTION_EXISTS=pthread_create    CMakeFiles/cmTC_a8c83.dir/CheckFunctionExists.c.o  -o cmTC_a8c83 -lpthreads 
/usr/bin/ld: cannot find -lpthreads
collect2: error: ld returned 1 exit status
gmake[1]: *** [CMakeFiles/cmTC_a8c83.dir/build.make:87: cmTC_a8c83] Error 1
gmake[1]: Leaving directory '/fs/site5/eccc/crd/ccrn/users/rau001/Pytorch_and_Torchlib_programs/testing/Fortran-Resnet/build/CMakeFiles/CMakeTmp'
gmake: *** [Makefile:126: cmTC_a8c83/fast] Error 2


